2018-03-05T04:11:05+00:00 Sean's-Macbook-Pro#02 I: Start test suite:1:add.
2018-03-05T04:11:05+00:00 Sean's-Macbook-Pro#02 I: Test suite:1:add is successful.
2018-03-05T04:11:05+00:00 Sean's-Macbook-Pro#02 I: End test suite:1:add.
2018-03-05T04:11:05+00:00 Sean's-Macbook-Pro#02 I: Start test suite:3:let.
2018-03-05T04:11:05+00:00 Sean's-Macbook-Pro#02 I: Test suite:3:let is successful.
2018-03-05T04:11:05+00:00 Sean's-Macbook-Pro#02 I: End test suite:3:let.
2018-03-05T04:11:05+00:00 Sean's-Macbook-Pro#02 I: Start test suite:5:abs.
2018-03-05T04:11:05+00:00 Sean's-Macbook-Pro#02 I: Test suite:5:abs is successful.
2018-03-05T04:11:05+00:00 Sean's-Macbook-Pro#02 I: End test suite:5:abs.
2018-03-05T04:11:05+00:00 Sean's-Macbook-Pro#02 I: Start test suite:7:div.
2018-03-05T04:11:05+00:00 Sean's-Macbook-Pro#02 I: Test suite:7:div is successful.
2018-03-05T04:11:05+00:00 Sean's-Macbook-Pro#02 I: End test suite:7:div.
2018-03-05T04:11:05+00:00 Sean's-Macbook-Pro#02 I: Start test suite:9:null.
2018-03-05T04:11:05+00:00 Sean's-Macbook-Pro#02 I: Test suite:9:null is successful.
2018-03-05T04:11:05+00:00 Sean's-Macbook-Pro#02 I: End test suite:9:null.
2018-03-05T04:11:05+00:00 Sean's-Macbook-Pro#02 I: Start test suite:11:idk.
2018-03-05T04:11:05+00:00 Sean's-Macbook-Pro#02 I: Test suite:11:idk is successful.
2018-03-05T04:11:05+00:00 Sean's-Macbook-Pro#02 I: End test suite:11:idk.
2018-03-05T04:11:05+00:00 Sean's-Macbook-Pro#02 I: Start test suite:13:idk3.
2018-03-05T04:11:05+00:00 Sean's-Macbook-Pro#02 I: Test suite:13:idk3 is successful.
2018-03-05T04:11:05+00:00 Sean's-Macbook-Pro#02 I: End test suite:13:idk3.
